<?xml version="1.0" encoding="UTF-8"?>
<testsuite name="com.kafka.controller.LibraryEventControllerUnitTest" tests="1" skipped="0" failures="0" errors="0" timestamp="2022-05-01T13:51:07" hostname="LAPTOP-SA1L7A47" time="0.268">
  <properties/>
  <testcase name="shouldPostLibraryEvent()" classname="com.kafka.controller.LibraryEventControllerUnitTest" time="0.268"/>
  <system-out><![CDATA[10:51:03.902 [Test worker] DEBUG org.springframework.test.context.BootstrapUtils - Instantiating CacheAwareContextLoaderDelegate from class [org.springframework.test.context.cache.DefaultCacheAwareContextLoaderDelegate]
10:51:03.917 [Test worker] DEBUG org.springframework.test.context.BootstrapUtils - Instantiating BootstrapContext using constructor [public org.springframework.test.context.support.DefaultBootstrapContext(java.lang.Class,org.springframework.test.context.CacheAwareContextLoaderDelegate)]
10:51:03.959 [Test worker] DEBUG org.springframework.test.context.BootstrapUtils - Instantiating TestContextBootstrapper for test class [com.kafka.controller.LibraryEventControllerUnitTest] from class [org.springframework.boot.test.autoconfigure.web.servlet.WebMvcTestContextBootstrapper]
10:51:04.001 [Test worker] INFO org.springframework.boot.test.autoconfigure.web.servlet.WebMvcTestContextBootstrapper - Neither @ContextConfiguration nor @ContextHierarchy found for test class [com.kafka.controller.LibraryEventControllerUnitTest], using SpringBootContextLoader
10:51:04.016 [Test worker] DEBUG org.springframework.test.context.support.AbstractContextLoader - Did not detect default resource location for test class [com.kafka.controller.LibraryEventControllerUnitTest]: class path resource [com/kafka/controller/LibraryEventControllerUnitTest-context.xml] does not exist
10:51:04.017 [Test worker] DEBUG org.springframework.test.context.support.AbstractContextLoader - Did not detect default resource location for test class [com.kafka.controller.LibraryEventControllerUnitTest]: class path resource [com/kafka/controller/LibraryEventControllerUnitTestContext.groovy] does not exist
10:51:04.017 [Test worker] INFO org.springframework.test.context.support.AbstractContextLoader - Could not detect default resource locations for test class [com.kafka.controller.LibraryEventControllerUnitTest]: no resource found for suffixes {-context.xml, Context.groovy}.
10:51:04.018 [Test worker] INFO org.springframework.test.context.support.AnnotationConfigContextLoaderUtils - Could not detect default configuration classes for test class [com.kafka.controller.LibraryEventControllerUnitTest]: LibraryEventControllerUnitTest does not declare any static, non-private, non-final, nested classes annotated with @Configuration.
10:51:04.197 [Test worker] DEBUG org.springframework.test.context.support.ActiveProfilesUtils - Could not find an 'annotation declaring class' for annotation type [org.springframework.test.context.ActiveProfiles] and class [com.kafka.controller.LibraryEventControllerUnitTest]
10:51:04.366 [Test worker] DEBUG org.springframework.context.annotation.ClassPathScanningCandidateComponentProvider - Identified candidate component class: file [C:\Users\diogo\OneDrive\Documentos\IT Course\Java\Kafka\library-events-producer\build\classes\java\main\com\kafka\LibraryEventsProducerApplication.class]
10:51:04.368 [Test worker] INFO org.springframework.boot.test.context.SpringBootTestContextBootstrapper - Found @SpringBootConfiguration com.kafka.LibraryEventsProducerApplication for test class com.kafka.controller.LibraryEventControllerUnitTest
10:51:04.378 [Test worker] DEBUG org.springframework.boot.test.autoconfigure.web.servlet.WebMvcTestContextBootstrapper - @TestExecutionListeners is not present for class [com.kafka.controller.LibraryEventControllerUnitTest]: using defaults.
10:51:04.379 [Test worker] INFO org.springframework.boot.test.autoconfigure.web.servlet.WebMvcTestContextBootstrapper - Loaded default TestExecutionListener class names from location [META-INF/spring.factories]: [org.springframework.boot.test.autoconfigure.restdocs.RestDocsTestExecutionListener, org.springframework.boot.test.autoconfigure.web.client.MockRestServiceServerResetTestExecutionListener, org.springframework.boot.test.autoconfigure.web.servlet.MockMvcPrintOnlyOnFailureTestExecutionListener, org.springframework.boot.test.autoconfigure.web.servlet.WebDriverTestExecutionListener, org.springframework.boot.test.autoconfigure.webservices.client.MockWebServiceServerTestExecutionListener, org.springframework.boot.test.mock.mockito.MockitoTestExecutionListener, org.springframework.boot.test.mock.mockito.ResetMocksTestExecutionListener, org.springframework.test.context.web.ServletTestExecutionListener, org.springframework.test.context.support.DirtiesContextBeforeModesTestExecutionListener, org.springframework.test.context.event.ApplicationEventsTestExecutionListener, org.springframework.test.context.support.DependencyInjectionTestExecutionListener, org.springframework.test.context.support.DirtiesContextTestExecutionListener, org.springframework.test.context.transaction.TransactionalTestExecutionListener, org.springframework.test.context.jdbc.SqlScriptsTestExecutionListener, org.springframework.test.context.event.EventPublishingTestExecutionListener]
10:51:04.428 [Test worker] INFO org.springframework.boot.test.autoconfigure.web.servlet.WebMvcTestContextBootstrapper - Using TestExecutionListeners: [org.springframework.test.context.web.ServletTestExecutionListener@3b366632, org.springframework.test.context.support.DirtiesContextBeforeModesTestExecutionListener@51f49060, org.springframework.test.context.event.ApplicationEventsTestExecutionListener@514eedd8, org.springframework.boot.test.mock.mockito.MockitoTestExecutionListener@617fe9e1, org.springframework.boot.test.autoconfigure.SpringBootDependencyInjectionTestExecutionListener@6970140a, org.springframework.test.context.support.DirtiesContextTestExecutionListener@1cf2fed4, org.springframework.test.context.transaction.TransactionalTestExecutionListener@3af4e0bf, org.springframework.test.context.jdbc.SqlScriptsTestExecutionListener@245a26e1, org.springframework.test.context.event.EventPublishingTestExecutionListener@4d63b624, org.springframework.boot.test.autoconfigure.restdocs.RestDocsTestExecutionListener@466cf502, org.springframework.boot.test.autoconfigure.web.client.MockRestServiceServerResetTestExecutionListener@5b800468, org.springframework.boot.test.autoconfigure.web.servlet.MockMvcPrintOnlyOnFailureTestExecutionListener@2e185cd7, org.springframework.boot.test.autoconfigure.web.servlet.WebDriverTestExecutionListener@7e1a1da6, org.springframework.boot.test.autoconfigure.webservices.client.MockWebServiceServerTestExecutionListener@5f7f2382, org.springframework.boot.test.mock.mockito.ResetMocksTestExecutionListener@407cf41]
10:51:04.436 [Test worker] DEBUG org.springframework.test.context.support.AbstractDirtiesContextTestExecutionListener - Before test class: context [DefaultTestContext@5922ae77 testClass = LibraryEventControllerUnitTest, testInstance = [null], testMethod = [null], testException = [null], mergedContextConfiguration = [WebMergedContextConfiguration@4263b080 testClass = LibraryEventControllerUnitTest, locations = '{}', classes = '{class com.kafka.LibraryEventsProducerApplication}', contextInitializerClasses = '[]', activeProfiles = '{}', propertySourceLocations = '{}', propertySourceProperties = '{org.springframework.boot.test.autoconfigure.web.servlet.WebMvcTestContextBootstrapper=true}', contextCustomizers = set[org.springframework.boot.test.autoconfigure.OverrideAutoConfigurationContextCustomizerFactory$DisableAutoConfigurationContextCustomizer@4c37b5b, org.springframework.boot.test.autoconfigure.actuate.metrics.MetricsExportContextCustomizerFactory$DisableMetricExportContextCustomizer@3c435123, org.springframework.boot.test.autoconfigure.filter.TypeExcludeFiltersContextCustomizer@7ffdd09d, org.springframework.boot.test.autoconfigure.properties.PropertyMappingContextCustomizer@46470e92, org.springframework.boot.test.autoconfigure.web.servlet.WebDriverContextCustomizerFactory$Customizer@5ddabb18, [ImportsContextCustomizer@2af616d3 key = [org.springframework.boot.autoconfigure.cache.CacheAutoConfiguration, org.springframework.boot.autoconfigure.context.MessageSourceAutoConfiguration, org.springframework.boot.autoconfigure.data.web.SpringDataWebAutoConfiguration, org.springframework.boot.autoconfigure.freemarker.FreeMarkerAutoConfiguration, org.springframework.boot.autoconfigure.groovy.template.GroovyTemplateAutoConfiguration, org.springframework.boot.autoconfigure.gson.GsonAutoConfiguration, org.springframework.boot.autoconfigure.hateoas.HypermediaAutoConfiguration, org.springframework.boot.autoconfigure.http.HttpMessageConvertersAutoConfiguration, org.springframework.boot.autoconfigure.jackson.JacksonAutoConfiguration, org.springframework.boot.autoconfigure.jsonb.JsonbAutoConfiguration, org.springframework.boot.autoconfigure.mustache.MustacheAutoConfiguration, org.springframework.boot.autoconfigure.task.TaskExecutionAutoConfiguration, org.springframework.boot.autoconfigure.thymeleaf.ThymeleafAutoConfiguration, org.springframework.boot.autoconfigure.validation.ValidationAutoConfiguration, org.springframework.boot.autoconfigure.web.servlet.error.ErrorMvcAutoConfiguration, org.springframework.boot.autoconfigure.web.servlet.HttpEncodingAutoConfiguration, org.springframework.boot.autoconfigure.web.servlet.WebMvcAutoConfiguration, org.springframework.boot.test.autoconfigure.web.servlet.MockMvcAutoConfiguration, org.springframework.boot.test.autoconfigure.web.servlet.MockMvcWebClientAutoConfiguration, org.springframework.boot.test.autoconfigure.web.servlet.MockMvcWebDriverAutoConfiguration, org.springframework.boot.autoconfigure.security.oauth2.client.servlet.OAuth2ClientAutoConfiguration, org.springframework.boot.autoconfigure.security.oauth2.resource.servlet.OAuth2ResourceServerAutoConfiguration, org.springframework.boot.autoconfigure.security.servlet.SecurityAutoConfiguration, org.springframework.boot.autoconfigure.security.servlet.SecurityFilterAutoConfiguration, org.springframework.boot.autoconfigure.security.servlet.UserDetailsServiceAutoConfiguration, org.springframework.boot.test.autoconfigure.web.servlet.MockMvcSecurityConfiguration, org.springframework.boot.test.autoconfigure.web.reactive.WebTestClientAutoConfiguration]], org.springframework.boot.test.context.filter.ExcludeFilterContextCustomizer@72a85671, org.springframework.boot.test.json.DuplicateJsonObjectContextCustomizerFactory$DuplicateJsonObjectContextCustomizer@4ae33a11, org.springframework.boot.test.mock.mockito.MockitoContextCustomizer@b48a693b, org.springframework.boot.test.context.SpringBootTestArgs@1, org.springframework.boot.test.context.SpringBootTestWebEnvironment@0], resourceBasePath = 'src/main/webapp', contextLoader = 'org.springframework.boot.test.context.SpringBootContextLoader', parent = [null]], attributes = map[[empty]]], class annotated with @DirtiesContext [false] with mode [null].

  .   ____          _            __ _ _
 /\\ / ___'_ __ _ _(_)_ __  __ _ \ \ \ \
( ( )\___ | '_ | '_| | '_ \/ _` | \ \ \ \
 \\/  ___)| |_)| | | | | || (_| |  ) ) ) )
  '  |____| .__|_| |_|_| |_\__, | / / / /
 =========|_|==============|___/=/_/_/_/
 :: Spring Boot ::                (v2.6.7)

2022-05-01 10:51:05.800  INFO 7016 --- [    Test worker] c.k.c.LibraryEventControllerUnitTest     : Starting LibraryEventControllerUnitTest using Java 11.0.12 on LAPTOP-SA1L7A47 with PID 7016 (started by diogo in C:\Users\diogo\OneDrive\Documentos\IT Course\Java\Kafka\library-events-producer)
2022-05-01 10:51:05.801  INFO 7016 --- [    Test worker] c.k.c.LibraryEventControllerUnitTest     : The following 1 profile is active: "local"
2022-05-01 10:51:05.841  WARN 7016 --- [    Test worker] o.s.b.c.config.ConfigDataEnvironment     : Property 'spring.profiles' imported from location 'class path resource [application.yml]' is invalid and should be replaced with 'spring.config.activate.on-profile' [origin: class path resource [application.yml] - 6:13]
2022-05-01 10:51:07.831  INFO 7016 --- [    Test worker] o.s.b.t.m.w.SpringBootMockServletContext : Initializing Spring TestDispatcherServlet ''
2022-05-01 10:51:07.831  INFO 7016 --- [    Test worker] o.s.t.web.servlet.TestDispatcherServlet  : Initializing Servlet ''
2022-05-01 10:51:07.833  INFO 7016 --- [    Test worker] o.s.t.web.servlet.TestDispatcherServlet  : Completed initialization in 2 ms
2022-05-01 10:51:07.863  INFO 7016 --- [    Test worker] c.k.c.LibraryEventControllerUnitTest     : Started LibraryEventControllerUnitTest in 2.959 seconds (JVM running for 5.349)
]]></system-out>
  <system-err><![CDATA[]]></system-err>
</testsuite>
